2024-09-24 12:16:09.427 info: Подключено к базе данных
2024-09-24 12:16:09.432 info: Сервер работает на порту 15002
2024-09-24 12:16:09.433 error: Ошибка синхронизации времени: ReferenceError: globalConfig is not defined
2024-09-24 12:16:14.249 info: Сгенерированы и добавлены новые данные: 9
2024-09-24 12:16:14.445 error: Ошибка синхронизации времени: ReferenceError: globalConfig is not defined
2024-09-24 12:16:18.459 info: Сгенерированы и добавлены новые данные: 0
2024-09-24 12:16:19.459 error: Ошибка синхронизации времени: ReferenceError: globalConfig is not defined
2024-09-24 12:16:23.711 info: Сгенерированы и добавлены новые данные: 4
2024-09-24 12:16:24.463 error: Ошибка синхронизации времени: ReferenceError: globalConfig is not defined
2024-09-24 12:16:28.684 info: Сгенерированы и добавлены новые данные: 7
2024-09-24 12:16:29.471 error: Ошибка синхронизации времени: ReferenceError: globalConfig is not defined
2024-09-24 12:20:40.445 info: Подключено к базе данных
2024-09-24 12:20:40.449 info: Сервер работает на порту 15002
2024-09-24 12:20:40.482 error: connect ECONNREFUSED ::1:15000
2024-09-24 12:20:40.483 error: Ошибка синхронизации времени: Error: Не удалось синхронизировать время: 
2024-09-24 12:20:45.498 error: connect ECONNREFUSED ::1:15000
2024-09-24 12:20:45.499 error: Ошибка синхронизации времени: Error: Не удалось синхронизировать время: 
2024-09-24 12:20:45.642 info: Сгенерированы и добавлены новые данные: 1
2024-09-24 12:20:50.404 info: Сгенерированы и добавлены новые данные: 2
2024-09-24 12:20:50.513 error: connect ECONNREFUSED ::1:15000
2024-09-24 12:20:50.514 error: Ошибка синхронизации времени: Error: Не удалось синхронизировать время: 
2024-09-24 12:20:55.439 info: Сгенерированы и добавлены новые данные: 6
2024-09-24 12:20:55.533 error: connect ECONNREFUSED ::1:15000
2024-09-24 12:20:55.534 error: Ошибка синхронизации времени: Error: Не удалось синхронизировать время: 
2024-09-24 12:24:50.270 info: Подключено к базе данных
2024-09-24 12:24:50.275 info: Сервер работает на порту 15002
2024-09-24 12:24:50.327 error: connect ECONNREFUSED ::1:15000
2024-09-24 12:24:50.329 error: Ошибка синхронизации времени: Error: Не удалось синхронизировать время: 
2024-09-24 12:24:55.340 error: connect ECONNREFUSED ::1:15000
2024-09-24 12:24:55.341 error: Ошибка синхронизации времени: Error: Не удалось синхронизировать время: 
2024-09-24 12:24:55.383 info: Сгенерированы и добавлены новые данные: 9
2024-09-24 12:25:00.209 info: Сгенерированы и добавлены новые данные: 2
2024-09-24 12:25:00.357 error: connect ECONNREFUSED ::1:15000
2024-09-24 12:25:00.358 error: Ошибка синхронизации времени: Error: Не удалось синхронизировать время: 
2024-09-24 12:26:02.766 info: Подключено к базе данных
2024-09-24 12:26:02.774 info: Сервер работает на порту 15002
2024-09-24 12:26:02.926 info: Временная коррекция для сервера http://localhost:15000 => 25
2024-09-24 12:26:02.927 info: Время успешно синхронизовано.
2024-09-24 12:26:07.226 info: Сгенерированы и добавлены новые данные: 1
2024-09-24 12:26:11.330 info: Сгенерированы и добавлены новые данные: 5
2024-09-24 12:26:49.428 info: Подключено к базе данных
2024-09-24 12:26:49.433 info: Сервер работает на порту 15002
2024-09-24 12:26:49.497 info: Временная коррекция для сервера http://localhost:15000 => 19
2024-09-24 12:26:49.499 info: Время успешно синхронизовано.
2024-09-24 12:26:54.395 info: Сгенерированы и добавлены новые данные: 5
2024-09-24 12:26:59.393 info: Сгенерированы и добавлены новые данные: 6
2024-09-24 12:27:02.905 info: Данные уже существуют: 1
2024-09-24 12:27:02.908 info: Данные уже существуют: 2
2024-09-24 12:27:02.911 info: Данные уже существуют: 6
2024-09-24 12:27:02.915 info: Данные уже существуют: 9
2024-09-24 12:27:02.918 info: Данные уже существуют: 2
2024-09-24 12:27:02.921 info: Данные уже существуют: 1
2024-09-24 12:27:02.925 info: Данные уже существуют: 5
2024-09-24 12:27:02.926 info: Данные успешно добавлены в базу данных
2024-09-24 12:27:04.383 info: Сгенерированы и добавлены новые данные: 7
2024-09-24 12:27:09.401 info: Сгенерированы и добавлены новые данные: 9
2024-09-24 12:27:11.171 info: Данные уже существуют: 1
2024-09-24 12:27:11.173 info: Данные уже существуют: 2
2024-09-24 12:27:11.175 info: Данные уже существуют: 6
2024-09-24 12:27:11.179 info: Данные уже существуют: 9
2024-09-24 12:27:11.182 info: Данные уже существуют: 2
2024-09-24 12:27:11.184 info: Данные уже существуют: 1
2024-09-24 12:27:11.187 info: Данные уже существуют: 5
2024-09-24 12:27:11.189 info: Данные уже существуют: 5
2024-09-24 12:27:11.190 info: Данные успешно добавлены в базу данных
2024-09-24 12:27:15.049 info: Сгенерированы и добавлены новые данные: 4
2024-09-24 12:27:19.430 info: Сгенерированы и добавлены новые данные: 7
2024-09-24 12:30:00.840 info: Подключено к базе данных
2024-09-24 12:30:00.844 info: Сервер работает на порту 15002
2024-09-24 12:30:05.826 info: Сгенерированы и добавлены новые данные: 2
2024-09-24 12:30:07.709 error: Request failed with status code 404
2024-09-24 12:30:07.711 error: Ошибка синхронизации времени: Error: Не удалось синхронизировать время: 
2024-09-24 12:30:10.810 info: Сгенерированы и добавлены новые данные: 4
2024-09-24 12:30:12.725 error: Request failed with status code 404
2024-09-24 12:30:12.726 error: Ошибка синхронизации времени: Error: Не удалось синхронизировать время: 
2024-09-24 12:30:16.121 info: Сгенерированы и добавлены новые данные: 6
2024-09-24 12:30:17.737 error: Request failed with status code 404
2024-09-24 12:30:17.738 error: Ошибка синхронизации времени: Error: Не удалось синхронизировать время: 
2024-09-24 12:30:39.892 info: Подключено к базе данных
2024-09-24 12:30:39.896 info: Сервер работает на порту 15002
2024-09-24 12:30:39.963 info: Временная коррекция для сервера http://localhost:15000 => 20
2024-09-24 12:30:39.964 info: Время успешно синхронизовано.
2024-09-24 12:30:42.491 info: Данные уже существуют: 1
2024-09-24 12:30:42.495 info: Данные уже существуют: 2
2024-09-24 12:30:42.498 info: Данные уже существуют: 6
2024-09-24 12:30:42.502 info: Данные уже существуют: 9
2024-09-24 12:30:42.507 info: Данные уже существуют: 2
2024-09-24 12:30:42.512 info: Данные уже существуют: 1
2024-09-24 12:30:42.515 info: Данные уже существуют: 5
2024-09-24 12:30:42.518 info: Данные уже существуют: 5
2024-09-24 12:30:42.525 info: Данные уже существуют: 7
2024-09-24 12:30:42.528 info: Данные уже существуют: 9
2024-09-24 12:30:42.529 info: Данные успешно добавлены в базу данных
2024-09-24 12:30:44.850 info: Сгенерированы и добавлены новые данные: 6
2024-09-24 12:30:49.840 info: Сгенерированы и добавлены новые данные: 5
2024-09-24 12:30:52.371 info: Данные уже существуют: 1
2024-09-24 12:30:52.374 info: Данные уже существуют: 2
2024-09-24 12:30:52.377 info: Данные уже существуют: 6
2024-09-24 12:30:52.381 info: Данные уже существуют: 9
2024-09-24 12:30:52.384 info: Данные уже существуют: 2
2024-09-24 12:30:52.388 info: Данные уже существуют: 1
2024-09-24 12:30:52.391 info: Данные уже существуют: 5
2024-09-24 12:30:52.394 info: Данные уже существуют: 5
2024-09-24 12:30:52.396 info: Данные уже существуют: 7
2024-09-24 12:30:52.399 info: Данные уже существуют: 9
2024-09-24 12:30:52.402 info: Данные уже существуют: 4
2024-09-24 12:30:52.404 info: Данные уже существуют: 7
2024-09-24 12:30:52.409 info: Данные уже существуют: 2
2024-09-24 12:30:52.412 info: Данные уже существуют: 4
2024-09-24 12:30:52.414 info: Данные уже существуют: 6
2024-09-24 12:30:52.416 info: Данные уже существуют: 0
2024-09-24 12:30:52.417 info: Данные успешно добавлены в базу данных
2024-09-24 12:30:54.869 info: Сгенерированы и добавлены новые данные: 0
2024-09-24 12:30:59.839 info: Сгенерированы и добавлены новые данные: 3
2024-09-24 12:31:02.384 info: Данные уже существуют: 1
2024-09-24 12:31:02.387 info: Данные уже существуют: 2
2024-09-24 12:31:02.389 info: Данные уже существуют: 6
2024-09-24 12:31:02.396 info: Данные уже существуют: 9
2024-09-24 12:31:02.399 info: Данные уже существуют: 2
2024-09-24 12:31:02.402 info: Данные уже существуют: 1
2024-09-24 12:31:02.404 info: Данные уже существуют: 5
2024-09-24 12:31:02.408 info: Данные уже существуют: 5
2024-09-24 12:31:02.411 info: Данные уже существуют: 7
2024-09-24 12:31:02.413 info: Данные уже существуют: 9
2024-09-24 12:31:02.416 info: Данные уже существуют: 4
2024-09-24 12:31:02.418 info: Данные уже существуют: 7
2024-09-24 12:31:02.421 info: Данные уже существуют: 2
2024-09-24 12:31:02.424 info: Данные уже существуют: 4
2024-09-24 12:31:02.427 info: Данные уже существуют: 6
2024-09-24 12:31:02.430 info: Данные уже существуют: 0
2024-09-24 12:31:02.435 info: Данные уже существуют: 6
2024-09-24 12:31:02.437 info: Данные уже существуют: 5
2024-09-24 12:31:02.438 info: Данные успешно добавлены в базу данных
2024-09-24 12:31:04.855 info: Сгенерированы и добавлены новые данные: 6
2024-09-24 12:31:09.868 info: Сгенерированы и добавлены новые данные: 8
2024-09-24 12:31:12.392 info: Данные уже существуют: 1
2024-09-24 12:31:12.395 info: Данные уже существуют: 2
2024-09-24 12:31:12.397 info: Данные уже существуют: 6
2024-09-24 12:31:12.401 info: Данные уже существуют: 9
2024-09-24 12:31:12.404 info: Данные уже существуют: 2
2024-09-24 12:31:12.406 info: Данные уже существуют: 1
2024-09-24 12:31:12.412 info: Данные уже существуют: 5
2024-09-24 12:31:12.417 info: Данные уже существуют: 5
2024-09-24 12:31:12.421 info: Данные уже существуют: 7
2024-09-24 12:31:12.427 info: Данные уже существуют: 9
2024-09-24 12:31:12.429 info: Данные уже существуют: 4
2024-09-24 12:31:12.432 info: Данные уже существуют: 7
2024-09-24 12:31:12.435 info: Данные уже существуют: 2
2024-09-24 12:31:12.438 info: Данные уже существуют: 4
2024-09-24 12:31:12.445 info: Данные уже существуют: 6
2024-09-24 12:31:12.447 info: Данные уже существуют: 0
2024-09-24 12:31:12.449 info: Данные уже существуют: 6
2024-09-24 12:31:12.451 info: Данные уже существуют: 5
2024-09-24 12:31:12.453 info: Данные уже существуют: 0
2024-09-24 12:31:12.455 info: Данные уже существуют: 3
2024-09-24 12:31:12.456 info: Данные успешно добавлены в базу данных
2024-09-24 12:31:14.860 info: Сгенерированы и добавлены новые данные: 7
