{"level":"info","message":"Региональный сервис запущен на порту: 4003"}
{"level":"info","message":"fetchCentralBODIasync | OK"}
{"level":"info","message":"fetchCentralBODIasync | OK"}
{"level":"info","message":"fetchCentralBODIasync | OK"}
{"level":"info","message":"fetchCentralBODIasync | OK"}
{"level":"info","message":"fetchCentralBODIasync | OK"}
{"level":"info","message":"Региональный сервис запущен на порту: 4003"}
{"level":"error","message":""}
{"level":"info","message":"fetchCentralBODIasync | OK"}
{"level":"info","message":"fetchCentralBODIasync | OK"}
{"level":"info","message":"fetchCentralBODIasync | OK"}
{"level":"info","message":"fetchCentralBODIasync | OK"}
{"level":"info","message":"fetchCentralBODIasync | OK"}
{"level":"info","message":"fetchCentralBODIasync | OK"}
{"level":"info","message":"fetchCentralBODIasync | OK"}
{"level":"info","message":"fetchCentralBODIasync | OK"}
{"level":"info","message":"fetchCentralBODIasync | OK"}
{"level":"info","message":"fetchCentralBODIasync | OK"}
{"level":"info","message":"fetchCentralBODIasync | OK"}
{"level":"info","message":"fetchCentralBODIasync | OK"}
{"level":"info","message":"Региональный сервис запущен на порту: 4003"}
{"level":"info","message":"fetchCentralBODIasync | OK"}
{"level":"info","message":"Региональный сервис запущен на порту: 4003"}
{"level":"info","message":"fetchCentralBODIasync | OK"}
{"level":"info","message":"fetchCentralBODIasync | OK"}
{"level":"info","message":"fetchCentralBODIasync | OK"}
{"level":"info","message":"fetchCentralBODIasync | OK"}
{"level":"info","message":"Региональный сервис запущен на порту: 4003"}
{"level":"info","message":"fetchCentralBODIasync | OK"}
{"level":"info","message":"Региональный сервис запущен на порту: 4003"}
{"level":"info","message":"fetchCentralBODIasync | OK"}
{"level":"info","message":"fetchCentralBODIasync | OK"}
{"level":"info","message":"Региональный сервис запущен на порту: 4003"}
{"level":"info","message":"fetchCentralBODIasync | OK"}
{"level":"info","message":"fetchCentralBODIasync | OK"}
{"level":"info","message":"fetchCentralBODIasync | OK"}
{"level":"info","message":"fetchCentralBODIasync | OK"}
{"level":"info","message":"fetchCentralBODIasync | OK"}
{"level":"info","message":"fetchCentralBODIasync | OK"}
{"level":"info","message":"fetchCentralBODIasync | OK"}
{"level":"info","message":"fetchCentralBODIasync | OK"}
{"level":"info","message":"fetchCentralBODIasync | OK"}
{"level":"info","message":"fetchCentralBODIasync | OK"}
{"level":"info","message":"fetchCentralBODIasync | OK"}
{"level":"info","message":"fetchCentralBODIasync | OK"}
{"level":"info","message":"fetchCentralBODIasync | OK"}
{"level":"info","message":"fetchCentralBODIasync | OK"}
{"level":"info","message":"fetchCentralBODIasync | OK"}
{"level":"info","message":"fetchCentralBODIasync | OK"}
{"level":"info","message":"fetchCentralBODIasync | OK"}
{"level":"info","message":"fetchCentralBODIasync | OK"}
{"level":"info","message":"fetchCentralBODIasync | OK"}
{"level":"info","message":"fetchCentralBODIasync | OK"}
{"level":"info","message":"fetchCentralBODIasync | OK"}
{"level":"info","message":"fetchCentralBODIasync | OK"}
{"level":"info","message":"fetchCentralBODIasync | OK"}
{"level":"info","message":"Региональный сервис запущен на порту: 4003"}
{"level":"info","message":"fetchCentralBODIasync | OK"}
{"level":"info","message":"fetchCentralBODIasync | OK"}
{"level":"info","message":"fetchCentralBODIasync | OK"}
{"level":"info","message":"fetchCentralBODIasync | OK"}
{"level":"info","message":"fetchCentralBODIasync | OK"}
{"level":"info","message":"fetchCentralBODIasync | OK"}
{"level":"info","message":"fetchCentralBODIasync | OK"}
{"level":"info","message":"fetchCentralBODIasync | OK"}
{"level":"info","message":"fetchCentralBODIasync | OK"}
{"level":"info","message":"fetchCentralBODIasync | OK"}
{"level":"info","message":"fetchCentralBODIasync | OK"}
{"level":"info","message":"fetchCentralBODIasync | OK"}
{"level":"info","message":"fetchCentralBODIasync | OK"}
{"level":"info","message":"fetchCentralBODIasync | OK"}
{"level":"info","message":"fetchCentralBODIasync | OK"}
{"level":"info","message":"fetchCentralBODIasync | OK"}
{"level":"info","message":"fetchCentralBODIasync | OK"}
{"level":"info","message":"fetchCentralBODIasync | OK"}
{"level":"info","message":"fetchCentralBODIasync | OK"}
{"level":"info","message":"fetchCentralBODIasync | OK"}
{"level":"info","message":"fetchCentralBODIasync | OK"}
{"level":"info","message":"fetchCentralBODIasync | OK"}
{"level":"info","message":"fetchCentralBODIasync | OK"}
{"level":"info","message":"fetchCentralBODIasync | OK"}
{"level":"info","message":"fetchCentralBODIasync | OK"}
{"level":"info","message":"fetchCentralBODIasync | OK"}
{"level":"info","message":"fetchCentralBODIasync | OK"}
{"level":"info","message":"fetchCentralBODIasync | OK"}
{"level":"info","message":"fetchCentralBODIasync | OK"}
{"level":"info","message":"fetchCentralBODIasync | OK"}
{"level":"info","message":"fetchCentralBODIasync | OK"}
{"level":"info","message":"fetchCentralBODIasync | OK"}
{"level":"info","message":"fetchCentralBODIasync | OK"}
{"level":"info","message":"fetchCentralBODIasync | OK"}
{"level":"info","message":"fetchCentralBODIasync | OK"}
{"level":"info","message":"fetchCentralBODIasync | OK"}
{"level":"info","message":"fetchCentralBODIasync | OK"}
{"level":"info","message":"fetchCentralBODIasync | OK"}
{"level":"info","message":"fetchCentralBODIasync | OK"}
{"level":"info","message":"fetchCentralBODIasync | OK"}
{"level":"info","message":"fetchCentralBODIasync | OK"}
{"level":"info","message":"fetchCentralBODIasync | OK"}
{"level":"info","message":"fetchCentralBODIasync | OK"}
{"level":"info","message":"fetchCentralBODIasync | OK"}
{"level":"info","message":"fetchCentralBODIasync | OK"}
{"level":"info","message":"fetchCentralBODIasync | OK"}
{"level":"info","message":"fetchCentralBODIasync | OK"}
{"level":"info","message":"Региональный сервис запущен на порту: 4003"}
{"level":"info","message":"fetchCentralBODIasync | OK"}
{"level":"info","message":"fetchCentralBODIasync | OK"}
{"level":"info","message":"Региональный сервис запущен на порту: 4003"}
{"level":"info","message":"fetchCentralBODIasync | OK"}
{"level":"info","message":"fetchCentralBODIasync | OK"}
{"level":"info","message":"fetchCentralBODIasync | OK"}
{"level":"info","message":"fetchCentralBODIasync | OK"}
{"level":"info","message":"fetchCentralBODIasync | OK"}
{"level":"info","message":"fetchCentralBODIasync | OK"}
{"level":"info","message":"fetchCentralBODIasync | OK"}
{"level":"info","message":"fetchCentralBODIasync | OK"}
{"level":"info","message":"fetchCentralBODIasync | OK"}
{"level":"info","message":"fetchCentralBODIasync | OK"}
{"level":"info","message":"fetchCentralBODIasync | OK"}
{"level":"info","message":"fetchCentralBODIasync | OK"}
{"level":"info","message":"fetchCentralBODIasync | OK"}
{"level":"info","message":"fetchCentralBODIasync | OK"}
{"level":"info","message":"fetchCentralBODIasync | OK"}
{"level":"info","message":"fetchCentralBODIasync | OK"}
{"level":"info","message":"fetchCentralBODIasync | OK"}
{"level":"info","message":"fetchCentralBODIasync | OK"}
{"level":"info","message":"fetchCentralBODIasync | OK"}
{"level":"info","message":"fetchCentralBODIasync | OK"}
{"level":"info","message":"fetchCentralBODIasync | OK"}
{"level":"info","message":"fetchCentralBODIasync | OK"}
{"level":"info","message":"fetchCentralBODIasync | OK"}
{"level":"info","message":"fetchCentralBODIasync | OK"}
{"level":"info","message":"fetchCentralBODIasync | OK"}
{"level":"info","message":"fetchCentralBODIasync | OK"}
{"level":"info","message":"fetchCentralBODIasync | OK"}
{"level":"info","message":"fetchCentralBODIasync | OK"}
{"level":"info","message":"fetchCentralBODIasync | OK"}
{"level":"info","message":"fetchCentralBODIasync | OK"}
{"level":"info","message":"fetchCentralBODIasync | OK"}
{"level":"info","message":"Региональный сервис запущен на порту: 4003"}
{"level":"info","message":"fetchCentralBODIasync | OK"}
{"level":"info","message":"fetchCentralBODIasync | OK"}
{"level":"info","message":"fetchCentralBODIasync | OK"}
{"level":"info","message":"fetchCentralBODIasync | OK"}
{"level":"info","message":"fetchCentralBODIasync | OK"}
{"level":"info","message":"fetchCentralBODIasync | OK"}
{"level":"info","message":"fetchCentralBODIasync | OK"}
{"level":"info","message":"fetchCentralBODIasync | OK"}
{"level":"info","message":"fetchCentralBODIasync | OK"}
{"level":"info","message":"fetchCentralBODIasync | OK"}
{"level":"info","message":"fetchCentralBODIasync | OK"}
{"level":"info","message":"fetchCentralBODIasync | OK"}
{"level":"info","message":"fetchCentralBODIasync | OK"}
{"level":"info","message":"fetchCentralBODIasync | OK"}
{"level":"info","message":"fetchCentralBODIasync | OK"}
{"level":"info","message":"fetchCentralBODIasync | OK"}
{"level":"info","message":"fetchCentralBODIasync | OK"}
{"level":"info","message":"fetchCentralBODIasync | OK"}
{"level":"info","message":"fetchCentralBODIasync | OK"}
{"level":"info","message":"fetchCentralBODIasync | OK"}
{"level":"info","message":"fetchCentralBODIasync | OK"}
{"level":"info","message":"fetchCentralBODIasync | OK"}
{"level":"info","message":"fetchCentralBODIasync | OK"}
{"level":"info","message":"fetchCentralBODIasync | OK"}
{"level":"info","message":"fetchCentralBODIasync | OK"}
{"level":"info","message":"fetchCentralBODIasync | OK"}
{"level":"info","message":"fetchCentralBODIasync | OK"}
{"level":"info","message":"fetchCentralBODIasync | OK"}
{"level":"info","message":"fetchCentralBODIasync | OK"}
{"level":"info","message":"fetchCentralBODIasync | OK"}
{"level":"info","message":"fetchCentralBODIasync | OK"}
{"level":"info","message":"fetchCentralBODIasync | OK"}
{"level":"info","message":"fetchCentralBODIasync | OK"}
{"level":"info","message":"fetchCentralBODIasync | OK"}
{"level":"info","message":"fetchCentralBODIasync | OK"}
{"level":"info","message":"fetchCentralBODIasync | OK"}
{"level":"info","message":"fetchCentralBODIasync | OK"}
{"level":"info","message":"fetchCentralBODIasync | OK"}
{"level":"info","message":"fetchCentralBODIasync | OK"}
{"level":"info","message":"fetchCentralBODIasync | OK"}
{"level":"info","message":"fetchCentralBODIasync | OK"}
{"level":"info","message":"fetchCentralBODIasync | OK"}
{"level":"info","message":"fetchCentralBODIasync | OK"}
{"level":"info","message":"fetchCentralBODIasync | OK"}
{"level":"info","message":"fetchCentralBODIasync | OK"}
{"level":"info","message":"fetchCentralBODIasync | OK"}
{"level":"info","message":"fetchCentralBODIasync | OK"}
{"level":"info","message":"fetchCentralBODIasync | OK"}
{"level":"info","message":"fetchCentralBODIasync | OK"}
{"level":"info","message":"fetchCentralBODIasync | OK"}
{"level":"info","message":"fetchCentralBODIasync | OK"}
{"level":"info","message":"fetchCentralBODIasync | OK"}
{"level":"info","message":"fetchCentralBODIasync | OK"}
{"level":"info","message":"fetchCentralBODIasync | OK"}
{"level":"info","message":"fetchCentralBODIasync | OK"}
{"level":"info","message":"fetchCentralBODIasync | OK"}
{"level":"info","message":"fetchCentralBODIasync | OK"}
{"level":"info","message":"fetchCentralBODIasync | OK"}
{"level":"info","message":"fetchCentralBODIasync | OK"}
{"level":"info","message":"fetchCentralBODIasync | OK"}
{"level":"info","message":"fetchCentralBODIasync | OK"}
{"level":"info","message":"fetchCentralBODIasync | OK"}
{"level":"info","message":"fetchCentralBODIasync | OK"}
{"level":"info","message":"fetchCentralBODIasync | OK"}
{"level":"info","message":"fetchCentralBODIasync | OK"}
{"level":"info","message":"fetchCentralBODIasync | OK"}
{"level":"info","message":"fetchCentralBODIasync | OK"}
{"level":"info","message":"fetchCentralBODIasync | OK"}
{"level":"info","message":"fetchCentralBODIasync | OK"}
{"level":"info","message":"fetchCentralBODIasync | OK"}
{"level":"info","message":"fetchCentralBODIasync | OK"}
{"level":"info","message":"fetchCentralBODIasync | OK"}
{"level":"info","message":"fetchCentralBODIasync | OK"}
{"level":"info","message":"fetchCentralBODIasync | OK"}
{"level":"info","message":"fetchCentralBODIasync | OK"}
{"level":"info","message":"fetchCentralBODIasync | OK"}
{"level":"info","message":"fetchCentralBODIasync | OK"}
{"level":"info","message":"fetchCentralBODIasync | OK"}
{"level":"info","message":"fetchCentralBODIasync | OK"}
{"level":"info","message":"fetchCentralBODIasync | OK"}
{"level":"info","message":"fetchCentralBODIasync | OK"}
{"level":"info","message":"fetchCentralBODIasync | OK"}
{"level":"info","message":"fetchCentralBODIasync | OK"}
{"level":"info","message":"fetchCentralBODIasync | OK"}
{"level":"info","message":"fetchCentralBODIasync | OK"}
{"level":"info","message":"fetchCentralBODIasync | OK"}
{"level":"info","message":"fetchCentralBODIasync | OK"}
{"level":"info","message":"fetchCentralBODIasync | OK"}
{"level":"info","message":"fetchCentralBODIasync | OK"}
{"level":"info","message":"fetchCentralBODIasync | OK"}
{"level":"info","message":"fetchCentralBODIasync | OK"}
{"level":"info","message":"fetchCentralBODIasync | OK"}
{"level":"info","message":"fetchCentralBODIasync | OK"}
{"level":"info","message":"fetchCentralBODIasync | OK"}
{"level":"info","message":"fetchCentralBODIasync | OK"}
{"level":"info","message":"fetchCentralBODIasync | OK"}
{"level":"info","message":"fetchCentralBODIasync | OK"}
{"level":"info","message":"fetchCentralBODIasync | OK"}
{"level":"info","message":"fetchCentralBODIasync | OK"}
{"level":"info","message":"fetchCentralBODIasync | OK"}
{"level":"info","message":"fetchCentralBODIasync | OK"}
{"level":"info","message":"fetchCentralBODIasync | OK"}
{"level":"info","message":"fetchCentralBODIasync | OK"}
{"level":"info","message":"fetchCentralBODIasync | OK"}
{"level":"info","message":"fetchCentralBODIasync | OK"}
{"level":"info","message":"fetchCentralBODIasync | OK"}
{"level":"info","message":"fetchCentralBODIasync | OK"}
{"level":"info","message":"fetchCentralBODIasync | OK"}
{"level":"error","message":"DBService | setBODIasync | TypeError: bodiData is not iterable"}
{"level":"info","message":"fetchCentralBODIasync | OK"}
{"level":"error","message":"connect EHOSTUNREACH 192.168.0.103:3001"}
{"level":"error","message":"connect EHOSTUNREACH 192.168.0.103:3001"}
{"level":"error","message":"connect EHOSTUNREACH 192.168.0.103:3001"}
{"level":"error","message":"connect ECONNABORTED 192.168.0.103:3001"}
{"level":"error","message":"connect ECONNABORTED 192.168.0.103:3001"}
{"level":"error","message":"connect ETIMEDOUT 192.168.0.103:3001"}
{"level":"error","message":"connect ETIMEDOUT 192.168.0.103:3001"}
{"level":"error","message":"connect ETIMEDOUT 192.168.0.103:3001"}
{"level":"error","message":"connect ETIMEDOUT 192.168.0.103:3001"}
{"level":"error","message":"connect ETIMEDOUT 192.168.0.103:3001"}
{"level":"error","message":"connect ETIMEDOUT 192.168.0.103:3001"}
{"level":"error","message":"connect ETIMEDOUT 192.168.0.103:3001"}
{"level":"error","message":"connect ETIMEDOUT 192.168.0.103:3001"}
